Arguments: 
  /usr/local/bin/node /usr/local/bin/yarn add mangoose bcrypt express jsonwebtoken body-parser

PATH: 
  /usr/local/bin:/usr/bin:/bin:/usr/sbin:/sbin:/Library/Apple/usr/bin:/Applications/Visual Studio Code.app/Contents/Resources/app/bin:/Applications/Visual Studio Code.app/Contents/Resources/app/bin

Yarn version: 
  1.22.11

Node version: 
  14.17.4

Platform: 
  darwin x64

Trace: 
  Error: https://registry.yarnpkg.com/mangoose: Not found
      at Request.params.callback [as _callback] (/usr/local/lib/node_modules/yarn/lib/cli.js:66992:18)
      at Request.self.callback (/usr/local/lib/node_modules/yarn/lib/cli.js:140763:22)
      at Request.emit (events.js:400:28)
      at Request.<anonymous> (/usr/local/lib/node_modules/yarn/lib/cli.js:141735:10)
      at Request.emit (events.js:400:28)
      at IncomingMessage.<anonymous> (/usr/local/lib/node_modules/yarn/lib/cli.js:141657:12)
      at Object.onceWrapper (events.js:519:28)
      at IncomingMessage.emit (events.js:412:35)
      at endReadableNT (internal/streams/readable.js:1317:12)
      at processTicksAndRejections (internal/process/task_queues.js:82:21)

npm manifest: 
  {
    "name": "backend",
    "version": "1.0.0",
    "main": "index.js",
    "license": "MIT"
  }

yarn manifest: 
  No manifest

Lockfile: 
  No lockfile
